<?xml version="1.0" encoding="UTF-8"?>
<!-- Generated by org.testng.reporters.JUnitReportReporter -->
<testsuite skipped="0" hostname="LAPTOP-JGPCP1JJ" name="qaclickacademy.Mavenjava.appiumTest" tests="2" failures="0" timestamp="2021-04-06T00:18:52 IST" time="0.009" errors="0">
  <testcase name="nativeApp" time="0.008" classname="qaclickacademy.Mavenjava.appiumTest"/>
  <system-out/>
  <testcase name="IOSapp" time="0.001" classname="qaclickacademy.Mavenjava.appiumTest"/>
  <system-out/>
</testsuite> <!-- qaclickacademy.Mavenjava.appiumTest -->
