<?xml version="1.0" encoding="UTF-8"?>
<!-- Generated by org.testng.reporters.JUnitReportReporter -->
<testsuite skipped="0" hostname="LAPTOP-JGPCP1JJ" name="qaclickacademy.Mavenjava.seleniumTest" tests="2" failures="0" timestamp="2021-04-06T00:19:15 IST" time="0.002" errors="0">
  <testcase name="elementUI" time="0.001" classname="qaclickacademy.Mavenjava.seleniumTest"/>
  <system-out/>
  <testcase name="BrowserAutomation" time="0.001" classname="qaclickacademy.Mavenjava.seleniumTest"/>
  <system-out/>
</testsuite> <!-- qaclickacademy.Mavenjava.seleniumTest -->
