<?xml version="1.0" encoding="UTF-8"?>
<!-- Generated by org.testng.reporters.JUnitReportReporter -->
<testsuite skipped="0" hostname="LAPTOP-JGPCP1JJ" name="qaclickacademy.Mavenjava.APITest" tests="2" failures="0" timestamp="2021-04-06T00:19:15 IST" time="0.011" errors="0">
  <testcase name="deleteTwitter" time="0.010" classname="qaclickacademy.Mavenjava.APITest"/>
  <system-out/>
  <testcase name="postJira" time="0.001" classname="qaclickacademy.Mavenjava.APITest"/>
  <system-out/>
</testsuite> <!-- qaclickacademy.Mavenjava.APITest -->
